/mnt/c/Users/nateg/OneDrive/Documentos/GitHub/cogniscium/01 - Keys to Beyond What is time What is an organism/01 - Keys to Beyond： What is time？ What is 'an organism＂？_00.txt
/mnt/c/Users/nateg/OneDrive/Documentos/GitHub/cogniscium/01 - Keys to Beyond What is time What is an organism/01 - Keys to Beyond： What is time？ What is 'an organism＂？_01.txt
/mnt/c/Users/nateg/OneDrive/Documentos/GitHub/cogniscium/01 - Keys to Beyond What is time What is an organism/01 - Keys to Beyond： What is time？ What is 'an organism＂？_02.txt
/mnt/c/Users/nateg/OneDrive/Documentos/GitHub/cogniscium/01 - Keys to Beyond What is time What is an organism/01 - Keys to Beyond： What is time？ What is 'an organism＂？_03.txt
/mnt/c/Users/nateg/OneDrive/Documentos/GitHub/cogniscium/01 - Keys to Beyond What is time What is an organism/01 - Keys to Beyond： What is time？ What is 'an organism＂？_04.txt
/mnt/c/Users/nateg/OneDrive/Documentos/GitHub/cogniscium/01 - Keys to Beyond What is time What is an organism/01 - Keys to Beyond： What is time？ What is 'an organism＂？_05.txt
/mnt/c/Users/nateg/OneDrive/Documentos/GitHub/cogniscium/01 - Keys to Beyond What is time What is an organism/01 - Keys to Beyond： What is time？ What is 'an organism＂？_06.txt
/mnt/c/Users/nateg/OneDrive/Documentos/GitHub/cogniscium/02 -Authorial Minds： Possession vs Composition/02 -Authorial Minds： Possession vs Composition_00.txt
/mnt/c/Users/nateg/OneDrive/Documentos/GitHub/cogniscium/02 -Authorial Minds： Possession vs Composition/02 -Authorial Minds： Possession vs Composition_01.txt
/mnt/c/Users/nateg/OneDrive/Documentos/GitHub/cogniscium/02 -Authorial Minds： Possession vs Composition/02 -Authorial Minds： Possession vs Composition_02.txt
/mnt/c/Users/nateg/OneDrive/Documentos/GitHub/cogniscium/03 - The 10 Most Crucial Issues Facing Modern Humanity/03 - The 10 Most Crucial Issues Facing Modern Humanity_00.txt
/mnt/c/Users/nateg/OneDrive/Documentos/GitHub/cogniscium/03 - The 10 Most Crucial Issues Facing Modern Humanity/03 - The 10 Most Crucial Issues Facing Modern Humanity_01.txt
/mnt/c/Users/nateg/OneDrive/Documentos/GitHub/cogniscium/03 - The 10 Most Crucial Issues Facing Modern Humanity/03 - The 10 Most Crucial Issues Facing Modern Humanity_02.txt
/mnt/c/Users/nateg/OneDrive/Documentos/GitHub/cogniscium/03 - The 10 Most Crucial Issues Facing Modern Humanity/03 - The 10 Most Crucial Issues Facing Modern Humanity_03.txt
/mnt/c/Users/nateg/OneDrive/Documentos/GitHub/cogniscium/03 - The 10 Most Crucial Issues Facing Modern Humanity/03 - The 10 Most Crucial Issues Facing Modern Humanity_04.txt
/mnt/c/Users/nateg/OneDrive/Documentos/GitHub/cogniscium/04 - Bees, Cars, Angles, Angels ： Gaps & Structure/04 - Bees, Cars, Angles, Angels ： Gaps & Structure_00.txt
/mnt/c/Users/nateg/OneDrive/Documentos/GitHub/cogniscium/04 - Bees, Cars, Angles, Angels ： Gaps & Structure/04 - Bees, Cars, Angles, Angels ： Gaps & Structure_01.txt
/mnt/c/Users/nateg/OneDrive/Documentos/GitHub/cogniscium/04 - Bees, Cars, Angles, Angels ： Gaps & Structure/04 - Bees, Cars, Angles, Angels ： Gaps & Structure_02.txt
/mnt/c/Users/nateg/OneDrive/Documentos/GitHub/cogniscium/04 - Bees, Cars, Angles, Angels ： Gaps & Structure/04 - Bees, Cars, Angles, Angels ： Gaps & Structure_03.txt
/mnt/c/Users/nateg/OneDrive/Documentos/GitHub/cogniscium/04 - Bees, Cars, Angles, Angels ： Gaps & Structure/04 - Bees, Cars, Angles, Angels ： Gaps & Structure_04.txt
/mnt/c/Users/nateg/OneDrive/Documentos/GitHub/cogniscium/05 -Hand Toy V 1 - Beta.m4v/05 -Hand Toy V 1 - Beta.m4v_00.txt
/mnt/c/Users/nateg/OneDrive/Documentos/GitHub/cogniscium/05 -Hand Toy V 1 - Beta.m4v/05 -Hand Toy V 1 - Beta.m4v_01.txt
/mnt/c/Users/nateg/OneDrive/Documentos/GitHub/cogniscium/06 - False stars, false collectives. Snakes... or ladders？/06 - False stars, false collectives. Snakes... or ladders？_00.txt
/mnt/c/Users/nateg/OneDrive/Documentos/GitHub/cogniscium/06 - False stars, false collectives. Snakes... or ladders？/06 - False stars, false collectives. Snakes... or ladders？_01.txt
/mnt/c/Users/nateg/OneDrive/Documentos/GitHub/cogniscium/06 - False stars, false collectives. Snakes... or ladders？/06 - False stars, false collectives. Snakes... or ladders？_02.txt
/mnt/c/Users/nateg/OneDrive/Documentos/GitHub/cogniscium/07 - Sol Invictus： The Moon ： Cain and Abel. Slayer and Mist./07 - Sol Invictus： The Moon ： Cain and Abel. Slayer and Mist._00.txt
/mnt/c/Users/nateg/OneDrive/Documentos/GitHub/cogniscium/07 - Sol Invictus： The Moon ： Cain and Abel. Slayer and Mist./07 - Sol Invictus： The Moon ： Cain and Abel. Slayer and Mist._01.txt
/mnt/c/Users/nateg/OneDrive/Documentos/GitHub/cogniscium/07 - Sol Invictus： The Moon ： Cain and Abel. Slayer and Mist./07 - Sol Invictus： The Moon ： Cain and Abel. Slayer and Mist._02.txt
/mnt/c/Users/nateg/OneDrive/Documentos/GitHub/cogniscium/07 - Sol Invictus： The Moon ： Cain and Abel. Slayer and Mist./07 - Sol Invictus： The Moon ： Cain and Abel. Slayer and Mist._03.txt
/mnt/c/Users/nateg/OneDrive/Documentos/GitHub/cogniscium/08 - Sketching The Knowledge Amp： A Mutual Intelligence Synthesis Engine/08 - Sketching The Knowledge Amp： A Mutual Intelligence Synthesis Engine_00.txt
/mnt/c/Users/nateg/OneDrive/Documentos/GitHub/cogniscium/08 - Sketching The Knowledge Amp： A Mutual Intelligence Synthesis Engine/08 - Sketching The Knowledge Amp： A Mutual Intelligence Synthesis Engine_01.txt
/mnt/c/Users/nateg/OneDrive/Documentos/GitHub/cogniscium/08 - Sketching The Knowledge Amp： A Mutual Intelligence Synthesis Engine/08 - Sketching The Knowledge Amp： A Mutual Intelligence Synthesis Engine_02.txt
/mnt/c/Users/nateg/OneDrive/Documentos/GitHub/cogniscium/08 - Sketching The Knowledge Amp： A Mutual Intelligence Synthesis Engine/08 - Sketching The Knowledge Amp： A Mutual Intelligence Synthesis Engine_03.txt
/mnt/c/Users/nateg/OneDrive/Documentos/GitHub/cogniscium/09 - Thinking in an Emergency： Intelligence/09 - Thinking in an Emergency： Intelligence_00.txt
/mnt/c/Users/nateg/OneDrive/Documentos/GitHub/cogniscium/09 - Thinking in an Emergency： Intelligence/09 - Thinking in an Emergency： Intelligence_01.txt
/mnt/c/Users/nateg/OneDrive/Documentos/GitHub/cogniscium/09 - Thinking in an Emergency： Intelligence/09 - Thinking in an Emergency： Intelligence_02.txt
/mnt/c/Users/nateg/OneDrive/Documentos/GitHub/cogniscium/09 - Thinking in an Emergency： Intelligence/09 - Thinking in an Emergency： Intelligence_03.txt
/mnt/c/Users/nateg/OneDrive/Documentos/GitHub/cogniscium/09 - Thinking in an Emergency： Intelligence/09 - Thinking in an Emergency： Intelligence_04.txt
/mnt/c/Users/nateg/OneDrive/Documentos/GitHub/cogniscium/09 - Thinking in an Emergency： Intelligence/09 - Thinking in an Emergency： Intelligence_05.txt
/mnt/c/Users/nateg/OneDrive/Documentos/GitHub/cogniscium/09 - Thinking in an Emergency： Intelligence/09 - Thinking in an Emergency： Intelligence_06.txt
/mnt/c/Users/nateg/OneDrive/Documentos/GitHub/cogniscium/09 - Thinking in an Emergency： Intelligence/09 - Thinking in an Emergency： Intelligence_07.txt
/mnt/c/Users/nateg/OneDrive/Documentos/GitHub/cogniscium/09 - Thinking in an Emergency： Intelligence/09 - Thinking in an Emergency： Intelligence_08.txt
/mnt/c/Users/nateg/OneDrive/Documentos/GitHub/cogniscium/10 - Sheep ： Technology ： Intelligence ... Beyond 'Browsing'/10 - Sheep ： Technology ： Intelligence ... Beyond 'Browsing'_00.txt
/mnt/c/Users/nateg/OneDrive/Documentos/GitHub/cogniscium/10 - Sheep ： Technology ： Intelligence ... Beyond 'Browsing'/10 - Sheep ： Technology ： Intelligence ... Beyond 'Browsing'_01.txt
/mnt/c/Users/nateg/OneDrive/Documentos/GitHub/cogniscium/11 - Complaint and Blame or Change our World Now Together/11 - Complaint and Blame or Change our World, Now, Together？_00.txt
/mnt/c/Users/nateg/OneDrive/Documentos/GitHub/cogniscium/11 - Complaint and Blame or Change our World Now Together/11 - Complaint and Blame or Change our World, Now, Together？_01.txt
/mnt/c/Users/nateg/OneDrive/Documentos/GitHub/cogniscium/12 - 80⧸20 and Beyond： False Collectives Instance False Persons as Us/12 - 80⧸20 and Beyond： False Collectives Instance False Persons as Us_00.txt
/mnt/c/Users/nateg/OneDrive/Documentos/GitHub/cogniscium/12 - 80⧸20 and Beyond： False Collectives Instance False Persons as Us/12 - 80⧸20 and Beyond： False Collectives Instance False Persons as Us_01.txt
/mnt/c/Users/nateg/OneDrive/Documentos/GitHub/cogniscium/12 - 80⧸20 and Beyond： False Collectives Instance False Persons as Us/12 - 80⧸20 and Beyond： False Collectives Instance False Persons as Us_02.txt
/mnt/c/Users/nateg/OneDrive/Documentos/GitHub/cogniscium/12 - 80⧸20 and Beyond： False Collectives Instance False Persons as Us/12 - 80⧸20 and Beyond： False Collectives Instance False Persons as Us_03.txt
/mnt/c/Users/nateg/OneDrive/Documentos/GitHub/cogniscium/13 - The Secret of Our Cultural Diseases： LH Dominance./13 - The Secret of Our Cultural Diseases： LH Dominance._00.txt
/mnt/c/Users/nateg/OneDrive/Documentos/GitHub/cogniscium/13 - The Secret of Our Cultural Diseases： LH Dominance./13 - The Secret of Our Cultural Diseases： LH Dominance._01.txt
/mnt/c/Users/nateg/OneDrive/Documentos/GitHub/cogniscium/13 - The Secret of Our Cultural Diseases： LH Dominance./13 - The Secret of Our Cultural Diseases： LH Dominance._02.txt
/mnt/c/Users/nateg/OneDrive/Documentos/GitHub/cogniscium/13 - The Secret of Our Cultural Diseases： LH Dominance./13 - The Secret of Our Cultural Diseases： LH Dominance._03.txt
/mnt/c/Users/nateg/OneDrive/Documentos/GitHub/cogniscium/13 - The Secret of Our Cultural Diseases： LH Dominance./13 - The Secret of Our Cultural Diseases： LH Dominance._04.txt
/mnt/c/Users/nateg/OneDrive/Documentos/GitHub/cogniscium/13 - The Secret of Our Cultural Diseases： LH Dominance./13 - The Secret of Our Cultural Diseases： LH Dominance._05.txt
/mnt/c/Users/nateg/OneDrive/Documentos/GitHub/cogniscium/13 - The Secret of Our Cultural Diseases： LH Dominance./13 - The Secret of Our Cultural Diseases： LH Dominance._06.txt
/mnt/c/Users/nateg/OneDrive/Documentos/GitHub/cogniscium/13 - The Secret of Our Cultural Diseases： LH Dominance./13 - The Secret of Our Cultural Diseases： LH Dominance._07.txt
/mnt/c/Users/nateg/OneDrive/Documentos/GitHub/cogniscium/13 - The Secret of Our Cultural Diseases： LH Dominance./13 - The Secret of Our Cultural Diseases： LH Dominance._08.txt
/mnt/c/Users/nateg/OneDrive/Documentos/GitHub/cogniscium/13 - The Secret of Our Cultural Diseases： LH Dominance./13 - The Secret of Our Cultural Diseases： LH Dominance._09.txt
/mnt/c/Users/nateg/OneDrive/Documentos/GitHub/cogniscium/14 - Beyond science, religion, and expertise： Unknowing together./14 - Beyond science, religion, and expertise： Unknowing together._00.txt
/mnt/c/Users/nateg/OneDrive/Documentos/GitHub/cogniscium/14 - Beyond science, religion, and expertise： Unknowing together./14 - Beyond science, religion, and expertise： Unknowing together._01.txt
/mnt/c/Users/nateg/OneDrive/Documentos/GitHub/cogniscium/14 - Beyond science, religion, and expertise： Unknowing together./14 - Beyond science, religion, and expertise： Unknowing together._02.txt
/mnt/c/Users/nateg/OneDrive/Documentos/GitHub/cogniscium/14 - Beyond science, religion, and expertise： Unknowing together./14 - Beyond science, religion, and expertise： Unknowing together._03.txt
/mnt/c/Users/nateg/OneDrive/Documentos/GitHub/cogniscium/14 - Beyond science, religion, and expertise： Unknowing together./14 - Beyond science, religion, and expertise： Unknowing together._04.txt
/mnt/c/Users/nateg/OneDrive/Documentos/GitHub/cogniscium/14 - Beyond science, religion, and expertise： Unknowing together./14 - Beyond science, religion, and expertise： Unknowing together._05.txt
/mnt/c/Users/nateg/OneDrive/Documentos/GitHub/cogniscium/14 - Beyond science, religion, and expertise： Unknowing together./14 - Beyond science, religion, and expertise： Unknowing together._06.txt
/mnt/c/Users/nateg/OneDrive/Documentos/GitHub/cogniscium/14 - Beyond science, religion, and expertise： Unknowing together./14 - Beyond science, religion, and expertise： Unknowing together._07.txt
/mnt/c/Users/nateg/OneDrive/Documentos/GitHub/cogniscium/14 - Beyond science, religion, and expertise： Unknowing together./14 - Beyond science, religion, and expertise： Unknowing together._08.txt
/mnt/c/Users/nateg/OneDrive/Documentos/GitHub/cogniscium/14 - Beyond science, religion, and expertise： Unknowing together./14 - Beyond science, religion, and expertise： Unknowing together._09.txt
/mnt/c/Users/nateg/OneDrive/Documentos/GitHub/cogniscium/14 - Beyond science, religion, and expertise： Unknowing together./14 - Beyond science, religion, and expertise： Unknowing together._10.txt
/mnt/c/Users/nateg/OneDrive/Documentos/GitHub/cogniscium/14 - Beyond science, religion, and expertise： Unknowing together./14 - Beyond science, religion, and expertise： Unknowing together._11.txt
/mnt/c/Users/nateg/OneDrive/Documentos/GitHub/cogniscium/14 - Beyond science, religion, and expertise： Unknowing together./14 - Beyond science, religion, and expertise： Unknowing together._12.txt
/mnt/c/Users/nateg/OneDrive/Documentos/GitHub/cogniscium/14 - Beyond science, religion, and expertise： Unknowing together./14 - Beyond science, religion, and expertise： Unknowing together._13.txt
/mnt/c/Users/nateg/OneDrive/Documentos/GitHub/cogniscium/15 - What’s Going On Around Here？/15 - What’s Going On Around Here？_00.txt
/mnt/c/Users/nateg/OneDrive/Documentos/GitHub/cogniscium/15 - What’s Going On Around Here？/15 - What’s Going On Around Here？_01.txt
/mnt/c/Users/nateg/OneDrive/Documentos/GitHub/cogniscium/15 - What’s Going On Around Here？/15 - What’s Going On Around Here？_02.txt
/mnt/c/Users/nateg/OneDrive/Documentos/GitHub/cogniscium/16 - Purpose and Evolution ： It's Not Competition. It's Uplift/16 - Purpose and Evolution ： It's Not Competition. It's Uplift_00.txt
/mnt/c/Users/nateg/OneDrive/Documentos/GitHub/cogniscium/16 - Purpose and Evolution ： It's Not Competition. It's Uplift/16 - Purpose and Evolution ： It's Not Competition. It's Uplift_01.txt
/mnt/c/Users/nateg/OneDrive/Documentos/GitHub/cogniscium/16 - Purpose and Evolution ： It's Not Competition. It's Uplift/16 - Purpose and Evolution ： It's Not Competition. It's Uplift_02.txt
/mnt/c/Users/nateg/OneDrive/Documentos/GitHub/cogniscium/16 - Purpose and Evolution ： It's Not Competition. It's Uplift/16 - Purpose and Evolution ： It's Not Competition. It's Uplift_03.txt
/mnt/c/Users/nateg/OneDrive/Documentos/GitHub/cogniscium/16 - Purpose and Evolution ： It's Not Competition. It's Uplift/16 - Purpose and Evolution ： It's Not Competition. It's Uplift_04.txt
/mnt/c/Users/nateg/OneDrive/Documentos/GitHub/cogniscium/17 - Public and Personal Cults are Deadly Fictions/17 - Public and Personal Cults are Deadly Fictions_00.txt
/mnt/c/Users/nateg/OneDrive/Documentos/GitHub/cogniscium/17 - Public and Personal Cults are Deadly Fictions/17 - Public and Personal Cults are Deadly Fictions_01.txt
/mnt/c/Users/nateg/OneDrive/Documentos/GitHub/cogniscium/18 - False Collectives： Fake Activism and Social Media/18 - False Collectives： Fake Activism and Social Media_00.txt
/mnt/c/Users/nateg/OneDrive/Documentos/GitHub/cogniscium/18 - False Collectives： Fake Activism and Social Media/18 - False Collectives： Fake Activism and Social Media_01.txt
/mnt/c/Users/nateg/OneDrive/Documentos/GitHub/cogniscium/18 - False Collectives： Fake Activism and Social Media/18 - False Collectives： Fake Activism and Social Media_02.txt
/mnt/c/Users/nateg/OneDrive/Documentos/GitHub/cogniscium/18 - False Collectives： Fake Activism and Social Media/18 - False Collectives： Fake Activism and Social Media_03.txt
/mnt/c/Users/nateg/OneDrive/Documentos/GitHub/cogniscium/19 - Our Myth of the Nuclear Family is Broken/19 - Our Myth of the Nuclear Family is Broken_00.txt
/mnt/c/Users/nateg/OneDrive/Documentos/GitHub/cogniscium/19 - Our Myth of the Nuclear Family is Broken/19 - Our Myth of the Nuclear Family is Broken_01.txt
/mnt/c/Users/nateg/OneDrive/Documentos/GitHub/cogniscium/19 - Our Myth of the Nuclear Family is Broken/19 - Our Myth of the Nuclear Family is Broken_02.txt
/mnt/c/Users/nateg/OneDrive/Documentos/GitHub/cogniscium/19 - Our Myth of the Nuclear Family is Broken/19 - Our Myth of the Nuclear Family is Broken_03.txt
/mnt/c/Users/nateg/OneDrive/Documentos/GitHub/cogniscium/20 - nembo 71： What Justice Isn’t/20 - nembo 71： What Justice Isn’t_00.txt
/mnt/c/Users/nateg/OneDrive/Documentos/GitHub/cogniscium/20 - nembo 71： What Justice Isn’t/20 - nembo 71： What Justice Isn’t_01.txt
